<?xml version="1.0" encoding="UTF-8"?>
<testng-results skipped="0" failed="0" ignored="0" total="1" passed="1">
  <reporter-output>
  </reporter-output>
  <suite name="Default suite" duration-ms="15993" started-at="2022-08-09T06:44:40Z" finished-at="2022-08-09T06:44:56Z">
    <groups>
    </groups>
    <test name="Default test" duration-ms="15993" started-at="2022-08-09T06:44:40Z" finished-at="2022-08-09T06:44:56Z">
      <class name="org.run.Runner">
        <test-method status="PASS" signature="browserLaunch()[pri:0, instance:org.run.Runner@2c34f934]" name="browserLaunch" is-config="true" duration-ms="6936" started-at="2022-08-09T06:44:40Z" finished-at="2022-08-09T06:44:47Z">
          <reporter-output>
          </reporter-output>
        </test-method> <!-- browserLaunch -->
        <test-method status="PASS" signature="setupTestData()[pri:0, instance:org.run.Runner@2c34f934]" name="setupTestData" is-config="true" duration-ms="1593" started-at="2022-08-09T06:44:47Z" finished-at="2022-08-09T06:44:49Z">
          <reporter-output>
          </reporter-output>
        </test-method> <!-- setupTestData -->
        <test-method status="PASS" signature="startstime()[pri:0, instance:org.run.Runner@2c34f934]" name="startstime" is-config="true" duration-ms="3874" started-at="2022-08-09T06:44:49Z" finished-at="2022-08-09T06:44:53Z">
          <reporter-output>
          </reporter-output>
        </test-method> <!-- startstime -->
        <test-method status="PASS" signature="tc1()[pri:0, instance:org.run.Runner@2c34f934]" name="tc1" duration-ms="84" started-at="2022-08-09T06:44:53Z" finished-at="2022-08-09T06:44:53Z">
          <reporter-output>
          </reporter-output>
        </test-method> <!-- tc1 -->
        <test-method status="PASS" signature="endsTime()[pri:0, instance:org.run.Runner@2c34f934]" name="endsTime" is-config="true" duration-ms="3011" started-at="2022-08-09T06:44:53Z" finished-at="2022-08-09T06:44:56Z">
          <reporter-output>
          </reporter-output>
        </test-method> <!-- endsTime -->
        <test-method status="PASS" signature="browserClose()[pri:0, instance:org.run.Runner@2c34f934]" name="browserClose" is-config="true" duration-ms="453" started-at="2022-08-09T06:44:56Z" finished-at="2022-08-09T06:44:56Z">
          <reporter-output>
          </reporter-output>
        </test-method> <!-- browserClose -->
      </class> <!-- org.run.Runner -->
    </test> <!-- Default test -->
  </suite> <!-- Default suite -->
</testng-results>
